<?xml version="1.0" encoding="UTF-8"?>
<coverage generated="1518987376">
  <project timestamp="1518987376">
    <package name="AssociativeAssertions">
      <file name="/var/www/associative-json-assertions/src/AbstractAssociativeArray.php">
        <class name="AssociativeAssertions\AbstractAssociativeArray" namespace="AssociativeAssertions">
          <metrics complexity="11" methods="4" coveredmethods="2" conditionals="0" coveredconditionals="0" statements="24" coveredstatements="20" elements="28" coveredelements="22"/>
        </class>
        <line num="19" type="method" name="assertAssociativeArray" visibility="public" complexity="3" crap="3.33" count="4"/>
        <line num="21" type="stmt" count="4"/>
        <line num="22" type="stmt" count="0"/>
        <line num="25" type="stmt" count="4"/>
        <line num="26" type="stmt" count="0"/>
        <line num="29" type="stmt" count="4"/>
        <line num="30" type="stmt" count="1"/>
        <line num="38" type="method" name="recursiveAssociativeAssertion" visibility="private" complexity="4" crap="4" count="4"/>
        <line num="40" type="stmt" count="4"/>
        <line num="41" type="stmt" count="3"/>
        <line num="42" type="stmt" count="3"/>
        <line num="43" type="stmt" count="3"/>
        <line num="45" type="stmt" count="3"/>
        <line num="46" type="stmt" count="2"/>
        <line num="48" type="stmt" count="3"/>
        <line num="52" type="stmt" count="1"/>
        <line num="60" type="method" name="assertDateTimeStr" visibility="public" complexity="3" crap="3.21" count="1"/>
        <line num="62" type="stmt" count="1"/>
        <line num="63" type="stmt" count="0"/>
        <line num="66" type="stmt" count="1"/>
        <line num="67" type="stmt" count="0"/>
        <line num="70" type="stmt" count="1"/>
        <line num="71" type="stmt" count="1"/>
        <line num="72" type="stmt" count="1"/>
        <line num="79" type="method" name="assertDigit" visibility="public" complexity="1" crap="1" count="1"/>
        <line num="81" type="stmt" count="1"/>
        <line num="82" type="stmt" count="1"/>
        <line num="83" type="stmt" count="1"/>
        <metrics loc="83" ncloc="64" classes="1" methods="4" coveredmethods="2" conditionals="0" coveredconditionals="0" statements="24" coveredstatements="20" elements="28" coveredelements="22"/>
      </file>
      <file name="/var/www/associative-json-assertions/src/AssociativeArrayTrait.php">
        <class name="AssociativeArrayTrait" namespace="AssociativeAssertions">
          <metrics complexity="1" methods="1" coveredmethods="1" conditionals="0" coveredconditionals="0" statements="2" coveredstatements="2" elements="3" coveredelements="3"/>
        </class>
        <line num="7" type="method" name="assertAssociativeArray" visibility="public" complexity="1" crap="1" count="4"/>
        <line num="9" type="stmt" count="4"/>
        <line num="10" type="stmt" count="1"/>
        <metrics loc="10" ncloc="10" classes="1" methods="1" coveredmethods="1" conditionals="0" coveredconditionals="0" statements="2" coveredstatements="2" elements="3" coveredelements="3"/>
      </file>
      <file name="/var/www/associative-json-assertions/src/AssociativeAssertions.php">
        <class name="AssociativeAssertions\AssociativeAssertions" namespace="AssociativeAssertions">
          <metrics complexity="24" methods="12" coveredmethods="5" conditionals="0" coveredconditionals="0" statements="60" coveredstatements="25" elements="72" coveredelements="30"/>
        </class>
        <line num="12" type="method" name="anonymousFunction:12#29" complexity="1" crap="2" count="0"/>
        <line num="13" type="stmt" count="0"/>
        <line num="14" type="stmt" count="0"/>
        <line num="15" type="stmt" count="0"/>
        <line num="16" type="stmt" count="0"/>
        <line num="17" type="stmt" count="0"/>
        <line num="26" type="method" name="anonymousFunction:26#100" complexity="1" crap="1" count="1"/>
        <line num="27" type="stmt" count="1"/>
        <line num="28" type="stmt" count="1"/>
        <line num="29" type="stmt" count="1"/>
        <line num="30" type="stmt" count="1"/>
        <line num="31" type="stmt" count="1"/>
        <line num="40" type="method" name="anonymousFunction:40#171" complexity="1" crap="1" count="1"/>
        <line num="41" type="stmt" count="1"/>
        <line num="42" type="stmt" count="1"/>
        <line num="43" type="stmt" count="1"/>
        <line num="44" type="stmt" count="1"/>
        <line num="45" type="stmt" count="1"/>
        <line num="56" type="method" name="anonymousFunction:56#240" complexity="1" crap="2" count="0"/>
        <line num="57" type="stmt" count="0"/>
        <line num="58" type="stmt" count="0"/>
        <line num="59" type="stmt" count="0"/>
        <line num="60" type="stmt" count="0"/>
        <line num="61" type="stmt" count="0"/>
        <line num="70" type="method" name="anonymousFunction:70#317" complexity="1" crap="1" count="1"/>
        <line num="71" type="stmt" count="1"/>
        <line num="72" type="stmt" count="1"/>
        <line num="73" type="stmt" count="1"/>
        <line num="74" type="stmt" count="1"/>
        <line num="75" type="stmt" count="1"/>
        <line num="86" type="method" name="anonymousFunction:86#389" complexity="1" crap="1" count="3"/>
        <line num="87" type="stmt" count="1"/>
        <line num="88" type="stmt" count="1"/>
        <line num="89" type="stmt" count="1"/>
        <line num="90" type="stmt" count="1"/>
        <line num="91" type="stmt" count="3"/>
        <line num="100" type="method" name="anonymousFunction:100#466" complexity="1" crap="2" count="0"/>
        <line num="101" type="stmt" count="0"/>
        <line num="102" type="stmt" count="0"/>
        <line num="103" type="stmt" count="0"/>
        <line num="104" type="stmt" count="0"/>
        <line num="105" type="stmt" count="0"/>
        <line num="114" type="method" name="anonymousFunction:114#537" complexity="1" crap="2" count="0"/>
        <line num="115" type="stmt" count="0"/>
        <line num="116" type="stmt" count="0"/>
        <line num="117" type="stmt" count="0"/>
        <line num="118" type="stmt" count="0"/>
        <line num="119" type="stmt" count="0"/>
        <line num="128" type="method" name="anonymousFunction:128#608" complexity="1" crap="2" count="0"/>
        <line num="129" type="stmt" count="0"/>
        <line num="130" type="stmt" count="0"/>
        <line num="131" type="stmt" count="0"/>
        <line num="132" type="stmt" count="0"/>
        <line num="133" type="stmt" count="0"/>
        <line num="142" type="method" name="anonymousFunction:142#679" complexity="1" crap="1" count="1"/>
        <line num="143" type="stmt" count="1"/>
        <line num="144" type="stmt" count="1"/>
        <line num="145" type="stmt" count="1"/>
        <line num="146" type="stmt" count="1"/>
        <line num="147" type="stmt" count="1"/>
        <line num="156" type="method" name="anonymousFunction:156#750" complexity="1" crap="2" count="0"/>
        <line num="157" type="stmt" count="0"/>
        <line num="158" type="stmt" count="0"/>
        <line num="159" type="stmt" count="0"/>
        <line num="160" type="stmt" count="0"/>
        <line num="161" type="stmt" count="0"/>
        <line num="170" type="method" name="anonymousFunction:170#821" complexity="1" crap="2" count="0"/>
        <line num="171" type="stmt" count="0"/>
        <line num="172" type="stmt" count="0"/>
        <line num="173" type="stmt" count="0"/>
        <line num="174" type="stmt" count="0"/>
        <line num="175" type="stmt" count="0"/>
        <metrics loc="176" ncloc="136" classes="1" methods="12" coveredmethods="5" conditionals="0" coveredconditionals="0" statements="60" coveredstatements="25" elements="72" coveredelements="30"/>
      </file>
    </package>
    <package name="AssociativeAssertions\Constraint">
      <file name="/var/www/associative-json-assertions/src/Constraint/DateTimeStr.php">
        <class name="AssociativeAssertions\Constraint\DateTimeStr" namespace="AssociativeAssertions\Constraint">
          <metrics complexity="4" methods="3" coveredmethods="3" conditionals="0" coveredconditionals="0" statements="6" coveredstatements="6" elements="9" coveredelements="9"/>
        </class>
        <line num="18" type="method" name="__construct" visibility="public" complexity="1" crap="1" count="2"/>
        <line num="20" type="stmt" count="2"/>
        <line num="21" type="stmt" count="2"/>
        <line num="22" type="stmt" count="2"/>
        <line num="32" type="method" name="matches" visibility="protected" complexity="2" crap="2" count="2"/>
        <line num="34" type="stmt" count="2"/>
        <line num="36" type="stmt" count="2"/>
        <line num="44" type="method" name="toString" visibility="public" complexity="1" crap="1" count="1"/>
        <line num="46" type="stmt" count="1"/>
        <metrics loc="47" ncloc="28" classes="1" methods="3" coveredmethods="3" conditionals="0" coveredconditionals="0" statements="6" coveredstatements="6" elements="9" coveredelements="9"/>
      </file>
      <file name="/var/www/associative-json-assertions/src/Constraint/Digit.php">
        <class name="AssociativeAssertions\Constraint\Digit" namespace="AssociativeAssertions\Constraint">
          <metrics complexity="2" methods="2" coveredmethods="2" conditionals="0" coveredconditionals="0" statements="2" coveredstatements="2" elements="4" coveredelements="4"/>
        </class>
        <line num="18" type="method" name="matches" visibility="protected" complexity="1" crap="1" count="2"/>
        <line num="20" type="stmt" count="2"/>
        <line num="28" type="method" name="toString" visibility="public" complexity="1" crap="1" count="1"/>
        <line num="30" type="stmt" count="1"/>
        <metrics loc="31" ncloc="18" classes="1" methods="2" coveredmethods="2" conditionals="0" coveredconditionals="0" statements="2" coveredstatements="2" elements="4" coveredelements="4"/>
      </file>
    </package>
    <metrics files="5" loc="347" ncloc="256" classes="5" methods="22" coveredmethods="13" conditionals="0" coveredconditionals="0" statements="94" coveredstatements="55" elements="116" coveredelements="68"/>
  </project>
</coverage>
